[2019-08-05 09:47:29] INFO  org.springframework.boot.StartupInfoLogger 50 logStarting - Starting VehicleManagementSystemApplication on bingaodeMacBook-Air.local with PID 2160 (/Users/gaobin/Desktop/carmanager/target/classes started by gaobin in /Users/gaobin/Desktop/carmanager)
[2019-08-05 09:47:29] INFO  org.springframework.boot.SpringApplication 675 logStartupProfileInfo - No active profile set, falling back to default profiles: default
[2019-08-05 09:47:32] INFO  org.springframework.data.repository.config.RepositoryConfigurationDelegate 126 registerRepositoriesIn - Bootstrapping Spring Data repositories in DEFAULT mode.
[2019-08-05 09:47:32] INFO  org.springframework.data.repository.config.RepositoryConfigurationDelegate 182 registerRepositoriesIn - Finished Spring Data repository scanning in 24ms. Found 0 repository interfaces.
[2019-08-05 09:47:32] INFO  org.springframework.context.support.PostProcessorRegistrationDelegate$BeanPostProcessorChecker 330 postProcessAfterInitialization - Bean 'org.springframework.transaction.annotation.ProxyTransactionManagementConfiguration' of type [org.springframework.transaction.annotation.ProxyTransactionManagementConfiguration$$EnhancerBySpringCGLIB$$52803c95] is not eligible for getting processed by all BeanPostProcessors (for example: not eligible for auto-proxying)
[2019-08-05 09:47:33] INFO  org.springframework.boot.web.embedded.tomcat.TomcatWebServer 90 initialize - Tomcat initialized with port(s): 9000 (http)
[2019-08-05 09:47:33] INFO  org.apache.juli.logging.DirectJDKLog 173 log - Starting service [Tomcat]
[2019-08-05 09:47:33] INFO  org.apache.juli.logging.DirectJDKLog 173 log - Starting Servlet engine: [Apache Tomcat/9.0.19]
[2019-08-05 09:47:33] INFO  org.apache.juli.logging.DirectJDKLog 173 log - Initializing Spring embedded WebApplicationContext
[2019-08-05 09:47:33] INFO  org.springframework.boot.web.servlet.context.ServletWebServerApplicationContext 296 prepareWebApplicationContext - Root WebApplicationContext: initialization completed in 4157 ms
[2019-08-05 09:47:34] INFO  com.alibaba.druid.spring.boot.autoconfigure.DruidDataSourceAutoConfigure 56 dataSource - Init DruidDataSource
[2019-08-05 09:47:34] INFO  com.alibaba.druid.pool.DruidDataSource 928 init - {dataSource-1} inited
[2019-08-05 09:47:35] INFO  org.hibernate.Version 46 logVersion - HHH000412: Hibernate Core {5.3.10.Final}
[2019-08-05 09:47:35] INFO  org.hibernate.cfg.Environment 213 <clinit> - HHH000206: hibernate.properties not found
[2019-08-05 09:47:35] INFO  org.hibernate.annotations.common.reflection.java.JavaReflectionManager 49 <clinit> - HCANN000001: Hibernate Commons Annotations {5.0.4.Final}
[2019-08-05 09:47:36] INFO  org.hibernate.dialect.Dialect 157 <init> - HHH000400: Using dialect: org.hibernate.dialect.MySQL5Dialect
[2019-08-05 09:47:37] INFO  org.springframework.orm.jpa.AbstractEntityManagerFactoryBean 415 buildNativeEntityManagerFactory - Initialized JPA EntityManagerFactory for persistence unit 'default'
[2019-08-05 09:47:38] INFO  springfox.documentation.spring.web.PropertySourcedRequestMappingHandlerMapping 69 initHandlerMethods - Mapped URL path [/v2/api-docs] onto method [public org.springframework.http.ResponseEntity<springfox.documentation.spring.web.json.Json> springfox.documentation.swagger2.web.Swagger2Controller.getDocumentation(java.lang.String,javax.servlet.http.HttpServletRequest)]
[2019-08-05 09:47:38] INFO  org.springframework.scheduling.concurrent.ExecutorConfigurationSupport 171 initialize - Initializing ExecutorService 'applicationTaskExecutor'
[2019-08-05 09:47:39] INFO  springfox.documentation.spring.web.plugins.DocumentationPluginsBootstrapper 160 start - Context refreshed
[2019-08-05 09:47:39] INFO  springfox.documentation.spring.web.plugins.DocumentationPluginsBootstrapper 163 start - Found 1 custom documentation plugin(s)
[2019-08-05 09:47:39] INFO  springfox.documentation.spring.web.scanners.ApiListingReferenceScanner 41 scan - Scanning for api listing references
[2019-08-05 09:47:42] INFO  org.springframework.boot.web.embedded.tomcat.TomcatWebServer 204 start - Tomcat started on port(s): 9000 (http) with context path ''
[2019-08-05 09:47:42] INFO  org.springframework.boot.StartupInfoLogger 59 logStarted - Started VehicleManagementSystemApplication in 13.905 seconds (JVM running for 17.197)
[2019-08-05 09:48:07] INFO  org.apache.juli.logging.DirectJDKLog 173 log - Initializing Spring DispatcherServlet 'dispatcherServlet'
[2019-08-05 09:48:07] INFO  org.springframework.web.servlet.FrameworkServlet 524 initServletBean - Initializing Servlet 'dispatcherServlet'
[2019-08-05 09:48:07] INFO  org.springframework.web.servlet.FrameworkServlet 546 initServletBean - Completed initialization in 19 ms
[2019-08-05 09:50:25] INFO  org.springframework.scheduling.concurrent.ExecutorConfigurationSupport 208 shutdown - Shutting down ExecutorService 'applicationTaskExecutor'
[2019-08-05 09:50:25] INFO  org.springframework.orm.jpa.AbstractEntityManagerFactoryBean 597 destroy - Closing JPA EntityManagerFactory for persistence unit 'default'
[2019-08-05 09:50:25] INFO  com.alibaba.druid.pool.DruidDataSource 1823 close - {dataSource-1} closed
[2019-08-05 10:59:50] INFO  org.springframework.boot.StartupInfoLogger 50 logStarting - Starting VehicleManagementSystemApplication on bingaodeMacBook-Air.local with PID 3341 (/Users/gaobin/Desktop/carmanager/target/classes started by gaobin in /Users/gaobin/Desktop/carmanager)
[2019-08-05 10:59:50] INFO  org.springframework.boot.SpringApplication 675 logStartupProfileInfo - No active profile set, falling back to default profiles: default
[2019-08-05 10:59:52] INFO  org.springframework.data.repository.config.RepositoryConfigurationDelegate 126 registerRepositoriesIn - Bootstrapping Spring Data repositories in DEFAULT mode.
[2019-08-05 10:59:52] INFO  org.springframework.data.repository.config.RepositoryConfigurationDelegate 182 registerRepositoriesIn - Finished Spring Data repository scanning in 31ms. Found 0 repository interfaces.
[2019-08-05 10:59:53] INFO  org.springframework.context.support.PostProcessorRegistrationDelegate$BeanPostProcessorChecker 330 postProcessAfterInitialization - Bean 'org.springframework.transaction.annotation.ProxyTransactionManagementConfiguration' of type [org.springframework.transaction.annotation.ProxyTransactionManagementConfiguration$$EnhancerBySpringCGLIB$$88e534db] is not eligible for getting processed by all BeanPostProcessors (for example: not eligible for auto-proxying)
[2019-08-05 10:59:53] INFO  org.springframework.boot.web.embedded.tomcat.TomcatWebServer 90 initialize - Tomcat initialized with port(s): 9000 (http)
[2019-08-05 10:59:53] INFO  org.apache.juli.logging.DirectJDKLog 173 log - Starting service [Tomcat]
[2019-08-05 10:59:53] INFO  org.apache.juli.logging.DirectJDKLog 173 log - Starting Servlet engine: [Apache Tomcat/9.0.19]
[2019-08-05 10:59:53] INFO  org.apache.juli.logging.DirectJDKLog 173 log - Initializing Spring embedded WebApplicationContext
[2019-08-05 10:59:53] INFO  org.springframework.boot.web.servlet.context.ServletWebServerApplicationContext 296 prepareWebApplicationContext - Root WebApplicationContext: initialization completed in 3560 ms
[2019-08-05 10:59:54] INFO  com.alibaba.druid.spring.boot.autoconfigure.DruidDataSourceAutoConfigure 56 dataSource - Init DruidDataSource
[2019-08-05 10:59:54] INFO  com.alibaba.druid.pool.DruidDataSource 928 init - {dataSource-1} inited
[2019-08-05 10:59:55] INFO  org.hibernate.Version 46 logVersion - HHH000412: Hibernate Core {5.3.10.Final}
[2019-08-05 10:59:55] INFO  org.hibernate.cfg.Environment 213 <clinit> - HHH000206: hibernate.properties not found
[2019-08-05 10:59:55] INFO  org.hibernate.annotations.common.reflection.java.JavaReflectionManager 49 <clinit> - HCANN000001: Hibernate Commons Annotations {5.0.4.Final}
[2019-08-05 10:59:55] INFO  org.hibernate.dialect.Dialect 157 <init> - HHH000400: Using dialect: org.hibernate.dialect.MySQL5Dialect
[2019-08-05 10:59:56] INFO  org.springframework.orm.jpa.AbstractEntityManagerFactoryBean 415 buildNativeEntityManagerFactory - Initialized JPA EntityManagerFactory for persistence unit 'default'
[2019-08-05 10:59:58] INFO  springfox.documentation.spring.web.PropertySourcedRequestMappingHandlerMapping 69 initHandlerMethods - Mapped URL path [/v2/api-docs] onto method [public org.springframework.http.ResponseEntity<springfox.documentation.spring.web.json.Json> springfox.documentation.swagger2.web.Swagger2Controller.getDocumentation(java.lang.String,javax.servlet.http.HttpServletRequest)]
[2019-08-05 10:59:58] INFO  org.springframework.scheduling.concurrent.ExecutorConfigurationSupport 171 initialize - Initializing ExecutorService 'applicationTaskExecutor'
[2019-08-05 10:59:58] INFO  springfox.documentation.spring.web.plugins.DocumentationPluginsBootstrapper 160 start - Context refreshed
[2019-08-05 10:59:58] INFO  springfox.documentation.spring.web.plugins.DocumentationPluginsBootstrapper 163 start - Found 1 custom documentation plugin(s)
[2019-08-05 10:59:59] INFO  springfox.documentation.spring.web.scanners.ApiListingReferenceScanner 41 scan - Scanning for api listing references
[2019-08-05 11:00:03] INFO  org.springframework.boot.web.embedded.tomcat.TomcatWebServer 204 start - Tomcat started on port(s): 9000 (http) with context path ''
[2019-08-05 11:00:03] INFO  org.springframework.boot.StartupInfoLogger 59 logStarted - Started VehicleManagementSystemApplication in 13.714 seconds (JVM running for 16.875)
[2019-08-05 11:00:13] INFO  org.apache.juli.logging.DirectJDKLog 173 log - Initializing Spring DispatcherServlet 'dispatcherServlet'
[2019-08-05 11:00:13] INFO  org.springframework.web.servlet.FrameworkServlet 524 initServletBean - Initializing Servlet 'dispatcherServlet'
[2019-08-05 11:00:13] INFO  org.springframework.web.servlet.FrameworkServlet 546 initServletBean - Completed initialization in 14 ms
[2019-08-05 11:07:11] INFO  org.springframework.scheduling.concurrent.ExecutorConfigurationSupport 208 shutdown - Shutting down ExecutorService 'applicationTaskExecutor'
[2019-08-05 11:07:11] INFO  org.springframework.orm.jpa.AbstractEntityManagerFactoryBean 597 destroy - Closing JPA EntityManagerFactory for persistence unit 'default'
[2019-08-05 11:07:12] INFO  com.alibaba.druid.pool.DruidDataSource 1823 close - {dataSource-1} closed
